<?xml version="1.0" encoding="UTF-8"?>
<!-- Generated by org.testng.reporters.JUnitReportReporter -->
<testsuite skipped="0" hostname="DSCHD-LAP-052" name="com.avinc.RestAssuredProject.GetRequestTest" tests="1" failures="0" timestamp="06 Aug 2019 13:16:18 GMT" time="4.202" errors="0">
  <testcase name="verifyWheaterDetails" time="4.202" classname="com.avinc.RestAssuredProject.GetRequestTest"/>
</testsuite> <!-- com.avinc.RestAssuredProject.GetRequestTest -->
